C:\MYTASKS\CLONE\TESTPROJECT\TASK11\TASK11\DEBUG\TASK11.PCH
C:\MYTASKS\CLONE\TESTPROJECT\TASK11\TASK11\DEBUG\STDAFX.OBJ
C:\MYTASKS\CLONE\TESTPROJECT\TASK11\TASK11\DEBUG\VC110.PDB
C:\MYTASKS\CLONE\TESTPROJECT\TASK11\TASK11\DEBUG\WORKER.OBJ
C:\MYTASKS\CLONE\TESTPROJECT\TASK11\TASK11\DEBUG\TASK11.OBJ
C:\MYTASKS\CLONE\TESTPROJECT\TASK11\TASK11\DEBUG\STAFF.OBJ
C:\MYTASKS\CLONE\TESTPROJECT\TASK11\TASK11\DEBUG\INTERFACE.OBJ
C:\MYTASKS\CLONE\TESTPROJECT\TASK11\DEBUG\TASK11.ILK
C:\MYTASKS\CLONE\TESTPROJECT\TASK11\DEBUG\TASK11.EXE
C:\MYTASKS\CLONE\TESTPROJECT\TASK11\DEBUG\TASK11.PDB
C:\MyTasks\Clone\testproject\Task11\Task11\Debug\Interface.obj
C:\MyTasks\Clone\testproject\Task11\Task11\Debug\Staff.obj
C:\MyTasks\Clone\testproject\Task11\Task11\Debug\stdafx.obj
C:\MyTasks\Clone\testproject\Task11\Task11\Debug\Task11.obj
C:\MyTasks\Clone\testproject\Task11\Task11\Debug\Worker.obj
C:\MyTasks\Clone\testproject\Task11\Task11\Debug\cl.command.1.tlog
C:\MyTasks\Clone\testproject\Task11\Task11\Debug\CL.read.1.tlog
C:\MyTasks\Clone\testproject\Task11\Task11\Debug\CL.write.1.tlog
C:\MyTasks\Clone\testproject\Task11\Task11\Debug\link-cvtres.read.1.tlog
C:\MyTasks\Clone\testproject\Task11\Task11\Debug\link-cvtres.write.1.tlog
C:\MyTasks\Clone\testproject\Task11\Task11\Debug\link-rc.read.1.tlog
C:\MyTasks\Clone\testproject\Task11\Task11\Debug\link-rc.write.1.tlog
C:\MyTasks\Clone\testproject\Task11\Task11\Debug\link.1516-cvtres.read.1.tlog
C:\MyTasks\Clone\testproject\Task11\Task11\Debug\link.1516-cvtres.write.1.tlog
C:\MyTasks\Clone\testproject\Task11\Task11\Debug\link.1516-rc.read.1.tlog
C:\MyTasks\Clone\testproject\Task11\Task11\Debug\link.1516-rc.write.1.tlog
C:\MyTasks\Clone\testproject\Task11\Task11\Debug\link.1516.read.1.tlog
C:\MyTasks\Clone\testproject\Task11\Task11\Debug\link.1516.write.1.tlog
C:\MyTasks\Clone\testproject\Task11\Task11\Debug\link.3996-cvtres.read.1.tlog
C:\MyTasks\Clone\testproject\Task11\Task11\Debug\link.3996-cvtres.write.1.tlog
C:\MyTasks\Clone\testproject\Task11\Task11\Debug\link.3996-rc.read.1.tlog
C:\MyTasks\Clone\testproject\Task11\Task11\Debug\link.3996-rc.write.1.tlog
C:\MyTasks\Clone\testproject\Task11\Task11\Debug\link.3996.read.1.tlog
C:\MyTasks\Clone\testproject\Task11\Task11\Debug\link.3996.write.1.tlog
C:\MyTasks\Clone\testproject\Task11\Task11\Debug\link.command.1.tlog
C:\MyTasks\Clone\testproject\Task11\Task11\Debug\link.read.1.tlog
C:\MyTasks\Clone\testproject\Task11\Task11\Debug\link.write.1.tlog
C:\MyTasks\Clone\testproject\Task11\Task11\Debug\Task11.pch
C:\MyTasks\Clone\testproject\Task11\Task11\Debug\vc110.idb
C:\MyTasks\Clone\testproject\Task11\Task11\Debug\vc110.pdb
C:\MyTasks\Clone\testproject\Task11\Debug\Task11.pdb
C:\MyTasks\Clone\testproject\Task11\Debug\Task11.exe
C:\MyTasks\Clone\testproject\Task11\Debug\Task11.ilk
