C:\PROJECT\13 NOVEMBER\DEBUG\13 NOVEMBER.PCH
C:\PROJECT\13 NOVEMBER\DEBUG\STDAFX.OBJ
C:\PROJECT\13 NOVEMBER\DEBUG\VC110.PDB
C:\PROJECT\13 NOVEMBER\DEBUG\13 NOVEMBER.OBJ
C:\PROJECT\13 NOVEMBER\DEBUG\CHARACTER.OBJ
C:\PROJECT\13 NOVEMBER\DEBUG\TSMARTCHARACTER.OBJ
C:\PROJECT\13 NOVEMBER\DEBUG\13 NOVEMBER.ILK
C:\PROJECT\13 NOVEMBER\DEBUG\13 NOVEMBER.EXE
C:\PROJECT\13 NOVEMBER\DEBUG\13 NOVEMBER.PDB
C:\Project\13 november\Debug\13 november.obj
C:\Project\13 november\Debug\Character.obj
C:\Project\13 november\Debug\stdafx.obj
C:\Project\13 november\Debug\TSmartCharacter.obj
C:\Project\13 november\Debug\13 november.ilk
C:\Project\13 november\Debug\cl.command.1.tlog
C:\Project\13 november\Debug\CL.read.1.tlog
C:\Project\13 november\Debug\CL.write.1.tlog
C:\Project\13 november\Debug\link-cvtres.read.1.tlog
C:\Project\13 november\Debug\link-cvtres.write.1.tlog
C:\Project\13 november\Debug\link-rc.read.1.tlog
C:\Project\13 november\Debug\link-rc.write.1.tlog
C:\Project\13 november\Debug\link.command.1.tlog
C:\Project\13 november\Debug\link.read.1.tlog
C:\Project\13 november\Debug\link.write.1.tlog
C:\Project\13 november\Debug\13 november.pch
C:\Project\13 november\Debug\vc110.idb
C:\Project\13 november\Debug\13 november.pdb
C:\Project\13 november\Debug\vc110.pdb
C:\Project\13 november\Debug\13 november.exe
